{"/home/thagoat/Desktop/react-native/agriad/lib/expo-sqlite-migrate/src/error.ts": {"path":"/home/thagoat/Desktop/react-native/agriad/lib/expo-sqlite-migrate/src/error.ts","statementMap":{"0":{"start":{"line":3,"column":4},"end":{"line":3,"column":null}},"1":{"start":{"line":4,"column":4},"end":{"line":4,"column":null}}},"fnMap":{"0":{"name":"(anonymous_0)","decl":{"start":{"line":2,"column":2},"end":{"line":2,"column":14}},"loc":{"start":{"line":2,"column":31},"end":{"line":5,"column":null}},"line":2}},"branchMap":{},"s":{"0":1,"1":1},"f":{"0":1},"b":{},"meta":{"lastBranch":0,"lastFunction":1,"lastStatement":2,"seen":{"f:2:2:2:14":0,"s:3:4:3:Infinity":0,"s:4:4:4:Infinity":1}}}
,"/home/thagoat/Desktop/react-native/agriad/lib/expo-sqlite-migrate/src/migrations.ts": {"path":"/home/thagoat/Desktop/react-native/agriad/lib/expo-sqlite-migrate/src/migrations.ts","statementMap":{"0":{"start":{"line":5,"column":7},"end":{"line":5,"column":null}},"1":{"start":{"line":6,"column":2},"end":{"line":6,"column":9}},"2":{"start":{"line":8,"column":2},"end":{"line":8,"column":16}},"3":{"start":{"line":9,"column":2},"end":{"line":9,"column":11}},"4":{"start":{"line":10,"column":2},"end":{"line":10,"column":13}},"5":{"start":{"line":5,"column":18},"end":{"line":5,"column":null}},"6":{"start":{"line":39,"column":2},"end":{"line":39,"column":null}},"7":{"start":{"line":44,"column":21},"end":{"line":44,"column":null}},"8":{"start":{"line":45,"column":21},"end":{"line":45,"column":null}},"9":{"start":{"line":46,"column":21},"end":{"line":46,"column":null}},"10":{"start":{"line":47,"column":21},"end":{"line":47,"column":null}},"11":{"start":{"line":48,"column":21},"end":{"line":48,"column":41}},"12":{"start":{"line":52,"column":20},"end":{"line":52,"column":null}},"13":{"start":{"line":53,"column":21},"end":{"line":53,"column":null}},"14":{"start":{"line":53,"column":44},"end":{"line":53,"column":54}},"15":{"start":{"line":54,"column":22},"end":{"line":54,"column":null}},"16":{"start":{"line":54,"column":50},"end":{"line":54,"column":63}},"17":{"start":{"line":55,"column":18},"end":{"line":57,"column":null}},"18":{"start":{"line":58,"column":4},"end":{"line":58,"column":null}},"19":{"start":{"line":58,"column":23},"end":{"line":58,"column":null}},"20":{"start":{"line":59,"column":4},"end":{"line":59,"column":null}},"21":{"start":{"line":59,"column":23},"end":{"line":59,"column":null}},"22":{"start":{"line":60,"column":4},"end":{"line":60,"column":null}},"23":{"start":{"line":60,"column":23},"end":{"line":60,"column":null}},"24":{"start":{"line":61,"column":4},"end":{"line":61,"column":null}},"25":{"start":{"line":66,"column":42},"end":{"line":66,"column":null}},"26":{"start":{"line":67,"column":27},"end":{"line":67,"column":null}},"27":{"start":{"line":69,"column":50},"end":{"line":69,"column":null}},"28":{"start":{"line":72,"column":4},"end":{"line":72,"column":null}},"29":{"start":{"line":73,"column":4},"end":{"line":73,"column":null}},"30":{"start":{"line":77,"column":4},"end":{"line":77,"column":null}},"31":{"start":{"line":81,"column":4},"end":{"line":81,"column":null}},"32":{"start":{"line":82,"column":4},"end":{"line":83,"column":null}},"33":{"start":{"line":83,"column":6},"end":{"line":83,"column":null}},"34":{"start":{"line":84,"column":17},"end":{"line":84,"column":null}},"35":{"start":{"line":85,"column":4},"end":{"line":86,"column":null}},"36":{"start":{"line":86,"column":6},"end":{"line":86,"column":null}},"37":{"start":{"line":87,"column":4},"end":{"line":87,"column":null}},"38":{"start":{"line":87,"column":14},"end":{"line":87,"column":null}},"39":{"start":{"line":88,"column":4},"end":{"line":88,"column":null}},"40":{"start":{"line":89,"column":4},"end":{"line":89,"column":null}},"41":{"start":{"line":97,"column":10},"end":{"line":99,"column":null}},"42":{"start":{"line":100,"column":26},"end":{"line":102,"column":null}},"43":{"start":{"line":101,"column":6},"end":{"line":101,"column":null}},"44":{"start":{"line":104,"column":20},"end":{"line":104,"column":null}},"45":{"start":{"line":104,"column":57},"end":{"line":104,"column":74}},"46":{"start":{"line":106,"column":23},"end":{"line":108,"column":null}},"47":{"start":{"line":107,"column":40},"end":{"line":107,"column":60}},"48":{"start":{"line":110,"column":4},"end":{"line":111,"column":null}},"49":{"start":{"line":111,"column":6},"end":{"line":111,"column":null}},"50":{"start":{"line":113,"column":4},"end":{"line":120,"column":null}},"51":{"start":{"line":117,"column":6},"end":{"line":119,"column":null}},"52":{"start":{"line":121,"column":4},"end":{"line":123,"column":null}},"53":{"start":{"line":122,"column":6},"end":{"line":122,"column":null}},"54":{"start":{"line":124,"column":15},"end":{"line":130,"column":null}},"55":{"start":{"line":131,"column":14},"end":{"line":131,"column":null}},"56":{"start":{"line":132,"column":4},"end":{"line":134,"column":null}},"57":{"start":{"line":133,"column":6},"end":{"line":133,"column":null}},"58":{"start":{"line":135,"column":4},"end":{"line":137,"column":null}},"59":{"start":{"line":136,"column":6},"end":{"line":136,"column":null}},"60":{"start":{"line":138,"column":4},"end":{"line":138,"column":null}},"61":{"start":{"line":139,"column":4},"end":{"line":139,"column":null}},"62":{"start":{"line":143,"column":4},"end":{"line":143,"column":null}},"63":{"start":{"line":147,"column":4},"end":{"line":147,"column":null}},"64":{"start":{"line":151,"column":4},"end":{"line":151,"column":null}},"65":{"start":{"line":155,"column":4},"end":{"line":155,"column":null}},"66":{"start":{"line":159,"column":4},"end":{"line":159,"column":null}},"67":{"start":{"line":159,"column":27},"end":{"line":159,"column":null}},"68":{"start":{"line":161,"column":24},"end":{"line":161,"column":null}},"69":{"start":{"line":163,"column":4},"end":{"line":172,"column":null}},"70":{"start":{"line":165,"column":20},"end":{"line":165,"column":null}},"71":{"start":{"line":166,"column":6},"end":{"line":170,"column":null}},"72":{"start":{"line":167,"column":8},"end":{"line":169,"column":null}},"73":{"start":{"line":171,"column":6},"end":{"line":171,"column":null}},"74":{"start":{"line":175,"column":4},"end":{"line":179,"column":null}},"75":{"start":{"line":176,"column":6},"end":{"line":178,"column":null}}},"fnMap":{"0":{"name":"(anonymous_0)","decl":{"start":{"line":5,"column":7},"end":{"line":5,"column":18}},"loc":{"start":{"line":5,"column":7},"end":{"line":5,"column":null}},"line":5},"1":{"name":"DropTable","decl":{"start":{"line":38,"column":16},"end":{"line":38,"column":26}},"loc":{"start":{"line":38,"column":45},"end":{"line":40,"column":null}},"line":38},"2":{"name":"(anonymous_2)","decl":{"start":{"line":43,"column":2},"end":{"line":43,"column":null}},"loc":{"start":{"line":49,"column":4},"end":{"line":49,"column":null}},"line":49},"3":{"name":"(anonymous_3)","decl":{"start":{"line":51,"column":2},"end":{"line":51,"column":16}},"loc":{"start":{"line":51,"column":16},"end":{"line":62,"column":null}},"line":51},"4":{"name":"(anonymous_4)","decl":{"start":{"line":53,"column":33},"end":{"line":53,"column":34}},"loc":{"start":{"line":53,"column":44},"end":{"line":53,"column":54}},"line":53},"5":{"name":"(anonymous_5)","decl":{"start":{"line":54,"column":34},"end":{"line":54,"column":35}},"loc":{"start":{"line":54,"column":50},"end":{"line":54,"column":63}},"line":54},"6":{"name":"(anonymous_6)","decl":{"start":{"line":71,"column":2},"end":{"line":71,"column":14}},"loc":{"start":{"line":71,"column":33},"end":{"line":74,"column":null}},"line":71},"7":{"name":"(anonymous_7)","decl":{"start":{"line":76,"column":14},"end":{"line":76,"column":27}},"loc":{"start":{"line":76,"column":27},"end":{"line":78,"column":null}},"line":76},"8":{"name":"(anonymous_8)","decl":{"start":{"line":80,"column":2},"end":{"line":80,"column":11}},"loc":{"start":{"line":80,"column":71},"end":{"line":90,"column":null}},"line":80},"9":{"name":"(anonymous_9)","decl":{"start":{"line":92,"column":2},"end":{"line":92,"column":null}},"loc":{"start":{"line":96,"column":4},"end":{"line":140,"column":null}},"line":96},"10":{"name":"(anonymous_10)","decl":{"start":{"line":100,"column":58},"end":{"line":100,"column":59}},"loc":{"start":{"line":101,"column":6},"end":{"line":101,"column":null}},"line":101},"11":{"name":"(anonymous_11)","decl":{"start":{"line":104,"column":46},"end":{"line":104,"column":47}},"loc":{"start":{"line":104,"column":57},"end":{"line":104,"column":74}},"line":104},"12":{"name":"(anonymous_12)","decl":{"start":{"line":107,"column":24},"end":{"line":107,"column":25}},"loc":{"start":{"line":107,"column":40},"end":{"line":107,"column":60}},"line":107},"13":{"name":"(anonymous_13)","decl":{"start":{"line":142,"column":6},"end":{"line":142,"column":20}},"loc":{"start":{"line":142,"column":20},"end":{"line":144,"column":null}},"line":142},"14":{"name":"(anonymous_14)","decl":{"start":{"line":146,"column":6},"end":{"line":146,"column":15}},"loc":{"start":{"line":146,"column":15},"end":{"line":148,"column":null}},"line":146},"15":{"name":"(anonymous_15)","decl":{"start":{"line":150,"column":2},"end":{"line":150,"column":19}},"loc":{"start":{"line":150,"column":19},"end":{"line":152,"column":null}},"line":150},"16":{"name":"(anonymous_16)","decl":{"start":{"line":154,"column":2},"end":{"line":154,"column":19}},"loc":{"start":{"line":154,"column":19},"end":{"line":156,"column":null}},"line":154},"17":{"name":"(anonymous_17)","decl":{"start":{"line":158,"column":10},"end":{"line":158,"column":28}},"loc":{"start":{"line":158,"column":42},"end":{"line":180,"column":null}},"line":158}},"branchMap":{"0":{"loc":{"start":{"line":5,"column":18},"end":{"line":5,"column":null}},"type":"binary-expr","locations":[{"start":{"line":5,"column":18},"end":{"line":5,"column":null}},{"start":{"line":5,"column":18},"end":{"line":5,"column":null}}],"line":5},"1":{"loc":{"start":{"line":48,"column":21},"end":{"line":48,"column":null}},"type":"default-arg","locations":[{"start":{"line":48,"column":41},"end":{"line":48,"column":null}}],"line":48},"2":{"loc":{"start":{"line":58,"column":4},"end":{"line":58,"column":null}},"type":"if","locations":[{"start":{"line":58,"column":4},"end":{"line":58,"column":null}},{"start":{},"end":{}}],"line":58},"3":{"loc":{"start":{"line":59,"column":4},"end":{"line":59,"column":null}},"type":"if","locations":[{"start":{"line":59,"column":4},"end":{"line":59,"column":null}},{"start":{},"end":{}}],"line":59},"4":{"loc":{"start":{"line":60,"column":4},"end":{"line":60,"column":null}},"type":"if","locations":[{"start":{"line":60,"column":4},"end":{"line":60,"column":null}},{"start":{},"end":{}}],"line":60},"5":{"loc":{"start":{"line":80,"column":42},"end":{"line":80,"column":71}},"type":"default-arg","locations":[{"start":{"line":80,"column":68},"end":{"line":80,"column":71}}],"line":80},"6":{"loc":{"start":{"line":82,"column":4},"end":{"line":83,"column":null}},"type":"if","locations":[{"start":{"line":82,"column":4},"end":{"line":83,"column":null}},{"start":{},"end":{}}],"line":82},"7":{"loc":{"start":{"line":85,"column":4},"end":{"line":86,"column":null}},"type":"if","locations":[{"start":{"line":85,"column":4},"end":{"line":86,"column":null}},{"start":{},"end":{}}],"line":85},"8":{"loc":{"start":{"line":85,"column":8},"end":{"line":85,"column":null}},"type":"binary-expr","locations":[{"start":{"line":85,"column":8},"end":{"line":85,"column":16}},{"start":{"line":85,"column":16},"end":{"line":85,"column":null}}],"line":85},"9":{"loc":{"start":{"line":87,"column":4},"end":{"line":87,"column":null}},"type":"if","locations":[{"start":{"line":87,"column":4},"end":{"line":87,"column":null}},{"start":{},"end":{}}],"line":87},"10":{"loc":{"start":{"line":98,"column":6},"end":{"line":98,"column":null}},"type":"cond-expr","locations":[{"start":{"line":98,"column":34},"end":{"line":98,"column":50}},{"start":{"line":98,"column":50},"end":{"line":98,"column":null}}],"line":98},"11":{"loc":{"start":{"line":110,"column":4},"end":{"line":111,"column":null}},"type":"if","locations":[{"start":{"line":110,"column":4},"end":{"line":111,"column":null}},{"start":{},"end":{}}],"line":110},"12":{"loc":{"start":{"line":113,"column":4},"end":{"line":120,"column":null}},"type":"if","locations":[{"start":{"line":113,"column":4},"end":{"line":120,"column":null}},{"start":{},"end":{}}],"line":113},"13":{"loc":{"start":{"line":114,"column":6},"end":{"line":115,"column":null}},"type":"binary-expr","locations":[{"start":{"line":114,"column":6},"end":{"line":114,"column":null}},{"start":{"line":115,"column":6},"end":{"line":115,"column":null}}],"line":114},"14":{"loc":{"start":{"line":121,"column":4},"end":{"line":123,"column":null}},"type":"if","locations":[{"start":{"line":121,"column":4},"end":{"line":123,"column":null}},{"start":{},"end":{}}],"line":121},"15":{"loc":{"start":{"line":129,"column":6},"end":{"line":129,"column":null}},"type":"binary-expr","locations":[{"start":{"line":129,"column":6},"end":{"line":129,"column":27}},{"start":{"line":129,"column":27},"end":{"line":129,"column":null}}],"line":129},"16":{"loc":{"start":{"line":135,"column":4},"end":{"line":137,"column":null}},"type":"if","locations":[{"start":{"line":135,"column":4},"end":{"line":137,"column":null}},{"start":{},"end":{}}],"line":135},"17":{"loc":{"start":{"line":159,"column":4},"end":{"line":159,"column":null}},"type":"if","locations":[{"start":{"line":159,"column":4},"end":{"line":159,"column":null}},{"start":{},"end":{}}],"line":159},"18":{"loc":{"start":{"line":163,"column":4},"end":{"line":172,"column":null}},"type":"if","locations":[{"start":{"line":163,"column":4},"end":{"line":172,"column":null}},{"start":{},"end":{}}],"line":163},"19":{"loc":{"start":{"line":166,"column":6},"end":{"line":170,"column":null}},"type":"if","locations":[{"start":{"line":166,"column":6},"end":{"line":170,"column":null}},{"start":{},"end":{}}],"line":166},"20":{"loc":{"start":{"line":166,"column":25},"end":{"line":166,"column":57}},"type":"cond-expr","locations":[{"start":{"line":166,"column":43},"end":{"line":166,"column":49}},{"start":{"line":166,"column":49},"end":{"line":166,"column":57}}],"line":166},"21":{"loc":{"start":{"line":175,"column":4},"end":{"line":179,"column":null}},"type":"if","locations":[{"start":{"line":175,"column":4},"end":{"line":179,"column":null}},{"start":{},"end":{}}],"line":175}},"s":{"0":2,"1":2,"2":2,"3":2,"4":2,"5":2,"6":1,"7":7,"8":7,"9":7,"10":7,"11":7,"12":3,"13":3,"14":5,"15":3,"16":5,"17":3,"18":3,"19":2,"20":3,"21":2,"22":3,"23":1,"24":3,"25":32,"26":32,"27":32,"28":32,"29":32,"30":16,"31":48,"32":48,"33":1,"34":47,"35":47,"36":1,"37":46,"38":46,"39":46,"40":46,"41":10,"42":10,"43":4,"44":10,"45":13,"46":10,"47":13,"48":10,"49":1,"50":9,"51":1,"52":8,"53":1,"54":7,"55":10,"56":10,"57":11,"58":7,"59":2,"60":5,"61":5,"62":11,"63":13,"64":9,"65":1,"66":32,"67":1,"68":31,"69":31,"70":4,"71":4,"72":2,"73":2,"74":27,"75":1},"f":{"0":2,"1":1,"2":7,"3":3,"4":5,"5":5,"6":32,"7":16,"8":48,"9":10,"10":4,"11":13,"12":13,"13":11,"14":13,"15":9,"16":1,"17":32},"b":{"0":[2,2],"1":[7],"2":[2,1],"3":[2,1],"4":[1,2],"5":[48],"6":[1,47],"7":[1,46],"8":[47,24],"9":[23,23],"10":[8,2],"11":[1,9],"12":[1,8],"13":[9,8],"14":[1,7],"15":[10,6],"16":[2,5],"17":[1,31],"18":[4,27],"19":[2,2],"20":[1,3],"21":[1,26]},"meta":{"lastBranch":22,"lastFunction":18,"lastStatement":76,"seen":{"s:5:7:5:Infinity":0,"f:5:7:5:18":0,"s:6:2:6:9":1,"s:8:2:8:16":2,"s:9:2:9:11":3,"s:10:2:10:13":4,"s:5:18:5:Infinity":5,"b:5:18:5:Infinity:5:18:5:Infinity":0,"f:38:16:38:26":1,"s:39:2:39:Infinity":6,"f:43:2:43:Infinity":2,"b:48:41:48:Infinity":1,"s:44:21:44:Infinity":7,"s:45:21:45:Infinity":8,"s:46:21:46:Infinity":9,"s:47:21:47:Infinity":10,"s:48:21:48:41":11,"f:51:2:51:16":3,"s:52:20:52:Infinity":12,"s:53:21:53:Infinity":13,"f:53:33:53:34":4,"s:53:44:53:54":14,"s:54:22:54:Infinity":15,"f:54:34:54:35":5,"s:54:50:54:63":16,"s:55:18:57:Infinity":17,"b:58:4:58:Infinity:undefined:undefined:undefined:undefined":2,"s:58:4:58:Infinity":18,"s:58:23:58:Infinity":19,"b:59:4:59:Infinity:undefined:undefined:undefined:undefined":3,"s:59:4:59:Infinity":20,"s:59:23:59:Infinity":21,"b:60:4:60:Infinity:undefined:undefined:undefined:undefined":4,"s:60:4:60:Infinity":22,"s:60:23:60:Infinity":23,"s:61:4:61:Infinity":24,"s:66:42:66:Infinity":25,"s:67:27:67:Infinity":26,"s:69:50:69:Infinity":27,"f:71:2:71:14":6,"s:72:4:72:Infinity":28,"s:73:4:73:Infinity":29,"f:76:14:76:27":7,"s:77:4:77:Infinity":30,"f:80:2:80:11":8,"b:80:68:80:71":5,"s:81:4:81:Infinity":31,"b:82:4:83:Infinity:undefined:undefined:undefined:undefined":6,"s:82:4:83:Infinity":32,"s:83:6:83:Infinity":33,"s:84:17:84:Infinity":34,"b:85:4:86:Infinity:undefined:undefined:undefined:undefined":7,"s:85:4:86:Infinity":35,"b:85:8:85:16:85:16:85:Infinity":8,"s:86:6:86:Infinity":36,"b:87:4:87:Infinity:undefined:undefined:undefined:undefined":9,"s:87:4:87:Infinity":37,"s:87:14:87:Infinity":38,"s:88:4:88:Infinity":39,"s:89:4:89:Infinity":40,"f:92:2:92:Infinity":9,"s:97:10:99:Infinity":41,"b:98:34:98:50:98:50:98:Infinity":10,"s:100:26:102:Infinity":42,"f:100:58:100:59":10,"s:101:6:101:Infinity":43,"s:104:20:104:Infinity":44,"f:104:46:104:47":11,"s:104:57:104:74":45,"s:106:23:108:Infinity":46,"f:107:24:107:25":12,"s:107:40:107:60":47,"b:110:4:111:Infinity:undefined:undefined:undefined:undefined":11,"s:110:4:111:Infinity":48,"s:111:6:111:Infinity":49,"b:113:4:120:Infinity:undefined:undefined:undefined:undefined":12,"s:113:4:120:Infinity":50,"b:114:6:114:Infinity:115:6:115:Infinity":13,"s:117:6:119:Infinity":51,"b:121:4:123:Infinity:undefined:undefined:undefined:undefined":14,"s:121:4:123:Infinity":52,"s:122:6:122:Infinity":53,"s:124:15:130:Infinity":54,"b:129:6:129:27:129:27:129:Infinity":15,"s:131:14:131:Infinity":55,"s:132:4:134:Infinity":56,"s:133:6:133:Infinity":57,"b:135:4:137:Infinity:undefined:undefined:undefined:undefined":16,"s:135:4:137:Infinity":58,"s:136:6:136:Infinity":59,"s:138:4:138:Infinity":60,"s:139:4:139:Infinity":61,"f:142:6:142:20":13,"s:143:4:143:Infinity":62,"f:146:6:146:15":14,"s:147:4:147:Infinity":63,"f:150:2:150:19":15,"s:151:4:151:Infinity":64,"f:154:2:154:19":16,"s:155:4:155:Infinity":65,"f:158:10:158:28":17,"b:159:4:159:Infinity:undefined:undefined:undefined:undefined":17,"s:159:4:159:Infinity":66,"s:159:27:159:Infinity":67,"s:161:24:161:Infinity":68,"b:163:4:172:Infinity:undefined:undefined:undefined:undefined":18,"s:163:4:172:Infinity":69,"s:165:20:165:Infinity":70,"b:166:6:170:Infinity:undefined:undefined:undefined:undefined":19,"s:166:6:170:Infinity":71,"b:166:43:166:49:166:49:166:57":20,"s:167:8:169:Infinity":72,"s:171:6:171:Infinity":73,"b:175:4:179:Infinity:undefined:undefined:undefined:undefined":21,"s:175:4:179:Infinity":74,"s:176:6:178:Infinity":75}}}
,"/home/thagoat/Desktop/react-native/agriad/lib/expo-sqlite-migrate/src/migrator.ts": {"path":"/home/thagoat/Desktop/react-native/agriad/lib/expo-sqlite-migrate/src/migrator.ts","statementMap":{"0":{"start":{"line":8,"column":7},"end":{"line":8,"column":null}},"1":{"start":{"line":9,"column":2},"end":{"line":9,"column":15}},"2":{"start":{"line":10,"column":2},"end":{"line":10,"column":12}},"3":{"start":{"line":11,"column":2},"end":{"line":11,"column":13}},"4":{"start":{"line":12,"column":2},"end":{"line":12,"column":11}},"5":{"start":{"line":8,"column":18},"end":{"line":8,"column":null}},"6":{"start":{"line":30,"column":29},"end":{"line":33,"column":null}},"7":{"start":{"line":37,"column":54},"end":{"line":37,"column":null}},"8":{"start":{"line":39,"column":4},"end":{"line":39,"column":null}},"9":{"start":{"line":43,"column":21},"end":{"line":43,"column":null}},"10":{"start":{"line":44,"column":4},"end":{"line":44,"column":null}},"11":{"start":{"line":45,"column":4},"end":{"line":45,"column":null}},"12":{"start":{"line":49,"column":24},"end":{"line":49,"column":null}},"13":{"start":{"line":50,"column":4},"end":{"line":73,"column":null}},"14":{"start":{"line":77,"column":22},"end":{"line":80,"column":null}},"15":{"start":{"line":81,"column":4},"end":{"line":81,"column":null}},"16":{"start":{"line":95,"column":4},"end":{"line":106,"column":null}},"17":{"start":{"line":96,"column":6},"end":{"line":99,"column":null}},"18":{"start":{"line":101,"column":6},"end":{"line":101,"column":null}},"19":{"start":{"line":101,"column":62},"end":{"line":101,"column":null}},"20":{"start":{"line":102,"column":6},"end":{"line":103,"column":null}},"21":{"start":{"line":103,"column":8},"end":{"line":103,"column":null}},"22":{"start":{"line":104,"column":6},"end":{"line":105,"column":null}},"23":{"start":{"line":105,"column":8},"end":{"line":105,"column":null}},"24":{"start":{"line":107,"column":4},"end":{"line":125,"column":null}},"25":{"start":{"line":108,"column":22},"end":{"line":114,"column":null}},"26":{"start":{"line":115,"column":6},"end":{"line":115,"column":null}},"27":{"start":{"line":116,"column":6},"end":{"line":116,"column":null}},"28":{"start":{"line":118,"column":6},"end":{"line":119,"column":null}},"29":{"start":{"line":119,"column":8},"end":{"line":119,"column":null}},"30":{"start":{"line":120,"column":6},"end":{"line":123,"column":null}},"31":{"start":{"line":124,"column":6},"end":{"line":124,"column":null}},"32":{"start":{"line":129,"column":32},"end":{"line":129,"column":null}},"33":{"start":{"line":130,"column":4},"end":{"line":134,"column":null}},"34":{"start":{"line":131,"column":6},"end":{"line":132,"column":null}},"35":{"start":{"line":132,"column":8},"end":{"line":132,"column":null}},"36":{"start":{"line":133,"column":6},"end":{"line":133,"column":null}},"37":{"start":{"line":147,"column":31},"end":{"line":147,"column":null}},"38":{"start":{"line":149,"column":4},"end":{"line":167,"column":null}},"39":{"start":{"line":150,"column":6},"end":{"line":150,"column":null}},"40":{"start":{"line":151,"column":6},"end":{"line":160,"column":null}},"41":{"start":{"line":152,"column":32},"end":{"line":152,"column":null}},"42":{"start":{"line":153,"column":8},"end":{"line":156,"column":null}},"43":{"start":{"line":155,"column":10},"end":{"line":155,"column":null}},"44":{"start":{"line":157,"column":8},"end":{"line":157,"column":null}},"45":{"start":{"line":158,"column":8},"end":{"line":158,"column":null}},"46":{"start":{"line":159,"column":8},"end":{"line":159,"column":null}},"47":{"start":{"line":162,"column":6},"end":{"line":163,"column":null}},"48":{"start":{"line":163,"column":8},"end":{"line":163,"column":null}},"49":{"start":{"line":164,"column":6},"end":{"line":164,"column":null}},"50":{"start":{"line":169,"column":4},"end":{"line":169,"column":null}},"51":{"start":{"line":179,"column":21},"end":{"line":181,"column":null}},"52":{"start":{"line":182,"column":4},"end":{"line":185,"column":null}},"53":{"start":{"line":183,"column":6},"end":{"line":183,"column":null}},"54":{"start":{"line":184,"column":6},"end":{"line":184,"column":null}},"55":{"start":{"line":186,"column":46},"end":{"line":190,"column":null}},"56":{"start":{"line":191,"column":22},"end":{"line":191,"column":null}},"57":{"start":{"line":192,"column":4},"end":{"line":196,"column":null}},"58":{"start":{"line":193,"column":6},"end":{"line":195,"column":null}},"59":{"start":{"line":197,"column":24},"end":{"line":197,"column":null}},"60":{"start":{"line":198,"column":20},"end":{"line":204,"column":null}},"61":{"start":{"line":205,"column":4},"end":{"line":205,"column":null}},"62":{"start":{"line":206,"column":4},"end":{"line":206,"column":null}},"63":{"start":{"line":207,"column":4},"end":{"line":207,"column":null}}},"fnMap":{"0":{"name":"(anonymous_0)","decl":{"start":{"line":8,"column":7},"end":{"line":8,"column":18}},"loc":{"start":{"line":8,"column":7},"end":{"line":8,"column":null}},"line":8},"1":{"name":"(anonymous_1)","decl":{"start":{"line":38,"column":10},"end":{"line":38,"column":22}},"loc":{"start":{"line":38,"column":52},"end":{"line":40,"column":null}},"line":38},"2":{"name":"(anonymous_2)","decl":{"start":{"line":42,"column":15},"end":{"line":42,"column":22}},"loc":{"start":{"line":42,"column":52},"end":{"line":46,"column":null}},"line":42},"3":{"name":"(anonymous_3)","decl":{"start":{"line":48,"column":8},"end":{"line":48,"column":29}},"loc":{"start":{"line":48,"column":29},"end":{"line":74,"column":null}},"line":48},"4":{"name":"(anonymous_4)","decl":{"start":{"line":76,"column":8},"end":{"line":76,"column":27}},"loc":{"start":{"line":76,"column":48},"end":{"line":82,"column":null}},"line":76},"5":{"name":"(anonymous_5)","decl":{"start":{"line":91,"column":16},"end":{"line":91,"column":null}},"loc":{"start":{"line":94,"column":22},"end":{"line":126,"column":null}},"line":94},"6":{"name":"(anonymous_6)","decl":{"start":{"line":128,"column":2},"end":{"line":128,"column":21}},"loc":{"start":{"line":128,"column":46},"end":{"line":135,"column":null}},"line":128},"7":{"name":"(anonymous_7)","decl":{"start":{"line":146,"column":8},"end":{"line":146,"column":16}},"loc":{"start":{"line":146,"column":41},"end":{"line":170,"column":null}},"line":146},"8":{"name":"(anonymous_8)","decl":{"start":{"line":178,"column":8},"end":{"line":178,"column":19}},"loc":{"start":{"line":178,"column":19},"end":{"line":208,"column":null}},"line":178}},"branchMap":{"0":{"loc":{"start":{"line":8,"column":18},"end":{"line":8,"column":null}},"type":"binary-expr","locations":[{"start":{"line":8,"column":18},"end":{"line":8,"column":null}},{"start":{"line":8,"column":18},"end":{"line":8,"column":null}}],"line":8},"1":{"loc":{"start":{"line":95,"column":4},"end":{"line":106,"column":null}},"type":"if","locations":[{"start":{"line":95,"column":4},"end":{"line":106,"column":null}},{"start":{"line":100,"column":9},"end":{"line":106,"column":null}}],"line":95},"2":{"loc":{"start":{"line":101,"column":6},"end":{"line":101,"column":null}},"type":"if","locations":[{"start":{"line":101,"column":6},"end":{"line":101,"column":null}},{"start":{},"end":{}}],"line":101},"3":{"loc":{"start":{"line":102,"column":6},"end":{"line":103,"column":null}},"type":"if","locations":[{"start":{"line":102,"column":6},"end":{"line":103,"column":null}},{"start":{},"end":{}}],"line":102},"4":{"loc":{"start":{"line":104,"column":6},"end":{"line":105,"column":null}},"type":"if","locations":[{"start":{"line":104,"column":6},"end":{"line":105,"column":null}},{"start":{},"end":{}}],"line":104},"5":{"loc":{"start":{"line":118,"column":6},"end":{"line":119,"column":null}},"type":"if","locations":[{"start":{"line":118,"column":6},"end":{"line":119,"column":null}},{"start":{},"end":{}}],"line":118},"6":{"loc":{"start":{"line":131,"column":6},"end":{"line":132,"column":null}},"type":"if","locations":[{"start":{"line":131,"column":6},"end":{"line":132,"column":null}},{"start":{},"end":{}}],"line":131},"7":{"loc":{"start":{"line":153,"column":8},"end":{"line":156,"column":null}},"type":"if","locations":[{"start":{"line":153,"column":8},"end":{"line":156,"column":null}},{"start":{},"end":{}}],"line":153},"8":{"loc":{"start":{"line":162,"column":6},"end":{"line":163,"column":null}},"type":"if","locations":[{"start":{"line":162,"column":6},"end":{"line":163,"column":null}},{"start":{},"end":{}}],"line":162},"9":{"loc":{"start":{"line":182,"column":4},"end":{"line":185,"column":null}},"type":"if","locations":[{"start":{"line":182,"column":4},"end":{"line":185,"column":null}},{"start":{},"end":{}}],"line":182},"10":{"loc":{"start":{"line":192,"column":4},"end":{"line":196,"column":null}},"type":"if","locations":[{"start":{"line":192,"column":4},"end":{"line":196,"column":null}},{"start":{},"end":{}}],"line":192}},"s":{"0":2,"1":2,"2":2,"3":2,"4":2,"5":2,"6":2,"7":18,"8":18,"9":18,"10":18,"11":18,"12":18,"13":18,"14":13,"15":13,"16":13,"17":10,"18":3,"19":1,"20":2,"21":2,"22":2,"23":2,"24":12,"25":12,"26":12,"27":7,"28":5,"29":4,"30":5,"31":5,"32":14,"33":14,"34":16,"35":1,"36":15,"37":14,"38":14,"39":14,"40":14,"41":14,"42":13,"43":5,"44":8,"45":8,"46":8,"47":2,"48":1,"49":2,"50":12,"51":3,"52":3,"53":1,"54":1,"55":2,"56":2,"57":2,"58":1,"59":1,"60":1,"61":1,"62":1,"63":1},"f":{"0":2,"1":18,"2":2,"3":18,"4":13,"5":13,"6":14,"7":14,"8":3},"b":{"0":[2,2],"1":[10,3],"2":[1,2],"3":[1,1],"4":[1,1],"5":[4,1],"6":[1,15],"7":[5,8],"8":[1,1],"9":[1,2],"10":[1,1]},"meta":{"lastBranch":11,"lastFunction":9,"lastStatement":64,"seen":{"s:8:7:8:Infinity":0,"f:8:7:8:18":0,"s:9:2:9:15":1,"s:10:2:10:12":2,"s:11:2:11:13":3,"s:12:2:12:11":4,"s:8:18:8:Infinity":5,"b:8:18:8:Infinity:8:18:8:Infinity":0,"s:30:29:33:Infinity":6,"s:37:54:37:Infinity":7,"f:38:10:38:22":1,"s:39:4:39:Infinity":8,"f:42:15:42:22":2,"s:43:21:43:Infinity":9,"s:44:4:44:Infinity":10,"s:45:4:45:Infinity":11,"f:48:8:48:29":3,"s:49:24:49:Infinity":12,"s:50:4:73:Infinity":13,"f:76:8:76:27":4,"s:77:22:80:Infinity":14,"s:81:4:81:Infinity":15,"f:91:16:91:Infinity":5,"b:95:4:106:Infinity:100:9:106:Infinity":1,"s:95:4:106:Infinity":16,"s:96:6:99:Infinity":17,"b:101:6:101:Infinity:undefined:undefined:undefined:undefined":2,"s:101:6:101:Infinity":18,"s:101:62:101:Infinity":19,"b:102:6:103:Infinity:undefined:undefined:undefined:undefined":3,"s:102:6:103:Infinity":20,"s:103:8:103:Infinity":21,"b:104:6:105:Infinity:undefined:undefined:undefined:undefined":4,"s:104:6:105:Infinity":22,"s:105:8:105:Infinity":23,"s:107:4:125:Infinity":24,"s:108:22:114:Infinity":25,"s:115:6:115:Infinity":26,"s:116:6:116:Infinity":27,"b:118:6:119:Infinity:undefined:undefined:undefined:undefined":5,"s:118:6:119:Infinity":28,"s:119:8:119:Infinity":29,"s:120:6:123:Infinity":30,"s:124:6:124:Infinity":31,"f:128:2:128:21":6,"s:129:32:129:Infinity":32,"s:130:4:134:Infinity":33,"b:131:6:132:Infinity:undefined:undefined:undefined:undefined":6,"s:131:6:132:Infinity":34,"s:132:8:132:Infinity":35,"s:133:6:133:Infinity":36,"f:146:8:146:16":7,"s:147:31:147:Infinity":37,"s:149:4:167:Infinity":38,"s:150:6:150:Infinity":39,"s:151:6:160:Infinity":40,"s:152:32:152:Infinity":41,"b:153:8:156:Infinity:undefined:undefined:undefined:undefined":7,"s:153:8:156:Infinity":42,"s:155:10:155:Infinity":43,"s:157:8:157:Infinity":44,"s:158:8:158:Infinity":45,"s:159:8:159:Infinity":46,"b:162:6:163:Infinity:undefined:undefined:undefined:undefined":8,"s:162:6:163:Infinity":47,"s:163:8:163:Infinity":48,"s:164:6:164:Infinity":49,"s:169:4:169:Infinity":50,"f:178:8:178:19":8,"s:179:21:181:Infinity":51,"b:182:4:185:Infinity:undefined:undefined:undefined:undefined":9,"s:182:4:185:Infinity":52,"s:183:6:183:Infinity":53,"s:184:6:184:Infinity":54,"s:186:46:190:Infinity":55,"s:191:22:191:Infinity":56,"b:192:4:196:Infinity:undefined:undefined:undefined:undefined":10,"s:192:4:196:Infinity":57,"s:193:6:195:Infinity":58,"s:197:24:197:Infinity":59,"s:198:20:204:Infinity":60,"s:205:4:205:Infinity":61,"s:206:4:206:Infinity":62,"s:207:4:207:Infinity":63}}}
,"/home/thagoat/Desktop/react-native/agriad/lib/expo-sqlite-migrate/src/query-generator.ts": {"path":"/home/thagoat/Desktop/react-native/agriad/lib/expo-sqlite-migrate/src/query-generator.ts","statementMap":{"0":{"start":{"line":5,"column":24},"end":{"line":5,"column":null}},"1":{"start":{"line":6,"column":4},"end":{"line":6,"column":null}},"2":{"start":{"line":6,"column":22},"end":{"line":6,"column":null}},"3":{"start":{"line":7,"column":28},"end":{"line":7,"column":null}},"4":{"start":{"line":8,"column":4},"end":{"line":8,"column":null}},"5":{"start":{"line":8,"column":46},"end":{"line":8,"column":null}},"6":{"start":{"line":9,"column":4},"end":{"line":9,"column":null}},"7":{"start":{"line":9,"column":43},"end":{"line":9,"column":null}},"8":{"start":{"line":10,"column":4},"end":{"line":10,"column":null}},"9":{"start":{"line":10,"column":41},"end":{"line":10,"column":null}},"10":{"start":{"line":11,"column":4},"end":{"line":11,"column":null}},"11":{"start":{"line":15,"column":22},"end":{"line":15,"column":null}},"12":{"start":{"line":16,"column":24},"end":{"line":16,"column":null}},"13":{"start":{"line":17,"column":4},"end":{"line":17,"column":null}},"14":{"start":{"line":17,"column":22},"end":{"line":17,"column":null}},"15":{"start":{"line":18,"column":4},"end":{"line":18,"column":null}},"16":{"start":{"line":22,"column":19},"end":{"line":22,"column":null}},"17":{"start":{"line":23,"column":4},"end":{"line":24,"column":null}},"18":{"start":{"line":24,"column":6},"end":{"line":24,"column":null}},"19":{"start":{"line":25,"column":22},"end":{"line":25,"column":null}},"20":{"start":{"line":25,"column":44},"end":{"line":25,"column":72}},"21":{"start":{"line":26,"column":24},"end":{"line":26,"column":null}},"22":{"start":{"line":27,"column":4},"end":{"line":30,"column":null}},"23":{"start":{"line":28,"column":20},"end":{"line":28,"column":null}},"24":{"start":{"line":28,"column":44},"end":{"line":28,"column":52}},"25":{"start":{"line":29,"column":6},"end":{"line":29,"column":null}},"26":{"start":{"line":31,"column":18},"end":{"line":31,"column":null}},"27":{"start":{"line":32,"column":4},"end":{"line":32,"column":null}},"28":{"start":{"line":39,"column":4},"end":{"line":39,"column":null}}},"fnMap":{"0":{"name":"(anonymous_0)","decl":{"start":{"line":4,"column":17},"end":{"line":4,"column":37}},"loc":{"start":{"line":4,"column":51},"end":{"line":12,"column":null}},"line":4},"1":{"name":"(anonymous_1)","decl":{"start":{"line":14,"column":17},"end":{"line":14,"column":34}},"loc":{"start":{"line":14,"column":48},"end":{"line":19,"column":null}},"line":14},"2":{"name":"(anonymous_2)","decl":{"start":{"line":21,"column":16},"end":{"line":21,"column":28}},"loc":{"start":{"line":21,"column":42},"end":{"line":33,"column":null}},"line":21},"3":{"name":"(anonymous_3)","decl":{"start":{"line":25,"column":33},"end":{"line":25,"column":34}},"loc":{"start":{"line":25,"column":44},"end":{"line":25,"column":72}},"line":25},"4":{"name":"(anonymous_4)","decl":{"start":{"line":28,"column":36},"end":{"line":28,"column":37}},"loc":{"start":{"line":28,"column":44},"end":{"line":28,"column":52}},"line":28},"5":{"name":"(anonymous_5)","decl":{"start":{"line":35,"column":16},"end":{"line":35,"column":28}},"loc":{"start":{"line":35,"column":42},"end":{"line":35,"column":null}},"line":35},"6":{"name":"(anonymous_6)","decl":{"start":{"line":38,"column":16},"end":{"line":38,"column":26}},"loc":{"start":{"line":38,"column":40},"end":{"line":40,"column":null}},"line":38}},"branchMap":{"0":{"loc":{"start":{"line":6,"column":4},"end":{"line":6,"column":null}},"type":"if","locations":[{"start":{"line":6,"column":4},"end":{"line":6,"column":null}},{"start":{},"end":{}}],"line":6},"1":{"loc":{"start":{"line":8,"column":4},"end":{"line":8,"column":null}},"type":"if","locations":[{"start":{"line":8,"column":4},"end":{"line":8,"column":null}},{"start":{},"end":{}}],"line":8},"2":{"loc":{"start":{"line":9,"column":4},"end":{"line":9,"column":null}},"type":"if","locations":[{"start":{"line":9,"column":4},"end":{"line":9,"column":null}},{"start":{},"end":{}}],"line":9},"3":{"loc":{"start":{"line":10,"column":4},"end":{"line":10,"column":null}},"type":"if","locations":[{"start":{"line":10,"column":4},"end":{"line":10,"column":null}},{"start":{},"end":{}}],"line":10},"4":{"loc":{"start":{"line":15,"column":22},"end":{"line":15,"column":null}},"type":"cond-expr","locations":[{"start":{"line":15,"column":45},"end":{"line":15,"column":57}},{"start":{"line":15,"column":57},"end":{"line":15,"column":null}}],"line":15},"5":{"loc":{"start":{"line":17,"column":4},"end":{"line":17,"column":null}},"type":"if","locations":[{"start":{"line":17,"column":4},"end":{"line":17,"column":null}},{"start":{},"end":{}}],"line":17},"6":{"loc":{"start":{"line":23,"column":4},"end":{"line":24,"column":null}},"type":"if","locations":[{"start":{"line":23,"column":4},"end":{"line":24,"column":null}},{"start":{},"end":{}}],"line":23},"7":{"loc":{"start":{"line":27,"column":4},"end":{"line":30,"column":null}},"type":"if","locations":[{"start":{"line":27,"column":4},"end":{"line":30,"column":null}},{"start":{},"end":{}}],"line":27}},"s":{"0":20,"1":20,"2":7,"3":13,"4":13,"5":10,"6":13,"7":3,"8":13,"9":1,"10":13,"11":20,"12":20,"13":20,"14":7,"15":13,"16":13,"17":13,"18":2,"19":11,"20":20,"21":11,"22":11,"23":3,"24":3,"25":3,"26":11,"27":11,"28":2},"f":{"0":2,"1":2,"2":2,"3":20,"4":3,"5":2,"6":2},"b":{"0":[7,13],"1":[10,3],"2":[3,10],"3":[1,12],"4":[15,5],"5":[7,13],"6":[2,11],"7":[3,8]},"meta":{"lastBranch":8,"lastFunction":7,"lastStatement":29,"seen":{"f:4:17:4:37":0,"s:5:24:5:Infinity":0,"b:6:4:6:Infinity:undefined:undefined:undefined:undefined":0,"s:6:4:6:Infinity":1,"s:6:22:6:Infinity":2,"s:7:28:7:Infinity":3,"b:8:4:8:Infinity:undefined:undefined:undefined:undefined":1,"s:8:4:8:Infinity":4,"s:8:46:8:Infinity":5,"b:9:4:9:Infinity:undefined:undefined:undefined:undefined":2,"s:9:4:9:Infinity":6,"s:9:43:9:Infinity":7,"b:10:4:10:Infinity:undefined:undefined:undefined:undefined":3,"s:10:4:10:Infinity":8,"s:10:41:10:Infinity":9,"s:11:4:11:Infinity":10,"f:14:17:14:34":1,"s:15:22:15:Infinity":11,"b:15:45:15:57:15:57:15:Infinity":4,"s:16:24:16:Infinity":12,"b:17:4:17:Infinity:undefined:undefined:undefined:undefined":5,"s:17:4:17:Infinity":13,"s:17:22:17:Infinity":14,"s:18:4:18:Infinity":15,"f:21:16:21:28":2,"s:22:19:22:Infinity":16,"b:23:4:24:Infinity:undefined:undefined:undefined:undefined":6,"s:23:4:24:Infinity":17,"s:24:6:24:Infinity":18,"s:25:22:25:Infinity":19,"f:25:33:25:34":3,"s:25:44:25:72":20,"s:26:24:26:Infinity":21,"b:27:4:30:Infinity:undefined:undefined:undefined:undefined":7,"s:27:4:30:Infinity":22,"s:28:20:28:Infinity":23,"f:28:36:28:37":4,"s:28:44:28:52":24,"s:29:6:29:Infinity":25,"s:31:18:31:Infinity":26,"s:32:4:32:Infinity":27,"f:35:16:35:28":5,"f:38:16:38:26":6,"s:39:4:39:Infinity":28}}}
,"/home/thagoat/Desktop/react-native/agriad/lib/expo-sqlite-migrate/src/adapters/BaseAdapter.ts": {"path":"/home/thagoat/Desktop/react-native/agriad/lib/expo-sqlite-migrate/src/adapters/BaseAdapter.ts","statementMap":{"0":{"start":{"line":19,"column":4},"end":{"line":19,"column":null}}},"fnMap":{"0":{"name":"(anonymous_0)","decl":{"start":{"line":18,"column":2},"end":{"line":18,"column":14}},"loc":{"start":{"line":18,"column":26},"end":{"line":20,"column":null}},"line":18}},"branchMap":{},"s":{"0":26},"f":{"0":26},"b":{},"meta":{"lastBranch":0,"lastFunction":1,"lastStatement":1,"seen":{"f:18:2:18:14":0,"s:19:4:19:Infinity":0}}}
,"/home/thagoat/Desktop/react-native/agriad/lib/expo-sqlite-migrate/src/adapters/ExpoAdapter.ts": {"path":"/home/thagoat/Desktop/react-native/agriad/lib/expo-sqlite-migrate/src/adapters/ExpoAdapter.ts","statementMap":{"0":{"start":{"line":6,"column":4},"end":{"line":6,"column":null}},"1":{"start":{"line":10,"column":4},"end":{"line":10,"column":null}},"2":{"start":{"line":14,"column":22},"end":{"line":14,"column":null}},"3":{"start":{"line":15,"column":4},"end":{"line":19,"column":null}},"4":{"start":{"line":16,"column":6},"end":{"line":16,"column":null}},"5":{"start":{"line":18,"column":6},"end":{"line":18,"column":null}},"6":{"start":{"line":23,"column":4},"end":{"line":23,"column":null}},"7":{"start":{"line":27,"column":4},"end":{"line":27,"column":null}},"8":{"start":{"line":31,"column":4},"end":{"line":44,"column":null}},"9":{"start":{"line":32,"column":6},"end":{"line":43,"column":null}},"10":{"start":{"line":33,"column":8},"end":{"line":42,"column":null}},"11":{"start":{"line":34,"column":10},"end":{"line":34,"column":null}},"12":{"start":{"line":36,"column":28},"end":{"line":36,"column":null}},"13":{"start":{"line":37,"column":10},"end":{"line":41,"column":null}},"14":{"start":{"line":38,"column":12},"end":{"line":38,"column":null}},"15":{"start":{"line":40,"column":12},"end":{"line":40,"column":null}}},"fnMap":{"0":{"name":"(anonymous_0)","decl":{"start":{"line":5,"column":2},"end":{"line":5,"column":14}},"loc":{"start":{"line":5,"column":34},"end":{"line":7,"column":null}},"line":5},"1":{"name":"(anonymous_1)","decl":{"start":{"line":9,"column":8},"end":{"line":9,"column":12}},"loc":{"start":{"line":9,"column":27},"end":{"line":11,"column":null}},"line":9},"2":{"name":"(anonymous_2)","decl":{"start":{"line":13,"column":8},"end":{"line":13,"column":20}},"loc":{"start":{"line":13,"column":53},"end":{"line":20,"column":null}},"line":13},"3":{"name":"(anonymous_3)","decl":{"start":{"line":22,"column":8},"end":{"line":22,"column":18}},"loc":{"start":{"line":22,"column":66},"end":{"line":24,"column":null}},"line":22},"4":{"name":"(anonymous_4)","decl":{"start":{"line":26,"column":8},"end":{"line":26,"column":20}},"loc":{"start":{"line":26,"column":73},"end":{"line":28,"column":null}},"line":26},"5":{"name":"(anonymous_5)","decl":{"start":{"line":30,"column":8},"end":{"line":30,"column":20}},"loc":{"start":{"line":30,"column":64},"end":{"line":45,"column":null}},"line":30},"6":{"name":"(anonymous_6)","decl":{"start":{"line":31,"column":49},"end":{"line":31,"column":56}},"loc":{"start":{"line":31,"column":63},"end":{"line":44,"column":5}},"line":31}},"branchMap":{"0":{"loc":{"start":{"line":33,"column":8},"end":{"line":42,"column":null}},"type":"if","locations":[{"start":{"line":33,"column":8},"end":{"line":42,"column":null}},{"start":{"line":35,"column":15},"end":{"line":42,"column":null}}],"line":33}},"s":{"0":1,"1":1,"2":1,"3":1,"4":1,"5":1,"6":1,"7":1,"8":1,"9":1,"10":2,"11":1,"12":1,"13":1,"14":1,"15":1},"f":{"0":1,"1":1,"2":1,"3":1,"4":1,"5":1,"6":1},"b":{"0":[1,1]},"meta":{"lastBranch":1,"lastFunction":7,"lastStatement":16,"seen":{"f:5:2:5:14":0,"s:6:4:6:Infinity":0,"f:9:8:9:12":1,"s:10:4:10:Infinity":1,"f:13:8:13:20":2,"s:14:22:14:Infinity":2,"s:15:4:19:Infinity":3,"s:16:6:16:Infinity":4,"s:18:6:18:Infinity":5,"f:22:8:22:18":3,"s:23:4:23:Infinity":6,"f:26:8:26:20":4,"s:27:4:27:Infinity":7,"f:30:8:30:20":5,"s:31:4:44:Infinity":8,"f:31:49:31:56":6,"s:32:6:43:Infinity":9,"b:33:8:42:Infinity:35:15:42:Infinity":0,"s:33:8:42:Infinity":10,"s:34:10:34:Infinity":11,"s:36:28:36:Infinity":12,"s:37:10:41:Infinity":13,"s:38:12:38:Infinity":14,"s:40:12:40:Infinity":15}}}
,"/home/thagoat/Desktop/react-native/agriad/lib/expo-sqlite-migrate/src/adapters/Sqlite3Adapter.ts": {"path":"/home/thagoat/Desktop/react-native/agriad/lib/expo-sqlite-migrate/src/adapters/Sqlite3Adapter.ts","statementMap":{"0":{"start":{"line":5,"column":0},"end":{"line":5,"column":null}},"1":{"start":{"line":6,"column":2},"end":{"line":6,"column":null}},"2":{"start":{"line":7,"column":2},"end":{"line":7,"column":null}},"3":{"start":{"line":8,"column":2},"end":{"line":8,"column":null}},"4":{"start":{"line":5,"column":5},"end":{"line":5,"column":null}},"5":{"start":{"line":13,"column":4},"end":{"line":13,"column":null}},"6":{"start":{"line":17,"column":4},"end":{"line":17,"column":null}},"7":{"start":{"line":18,"column":4},"end":{"line":27,"column":null}},"8":{"start":{"line":19,"column":6},"end":{"line":26,"column":null}},"9":{"start":{"line":20,"column":8},"end":{"line":23,"column":null}},"10":{"start":{"line":21,"column":10},"end":{"line":22,"column":null}},"11":{"start":{"line":21,"column":19},"end":{"line":21,"column":null}},"12":{"start":{"line":22,"column":15},"end":{"line":22,"column":null}},"13":{"start":{"line":25,"column":8},"end":{"line":25,"column":null}},"14":{"start":{"line":31,"column":4},"end":{"line":42,"column":null}},"15":{"start":{"line":32,"column":6},"end":{"line":41,"column":null}},"16":{"start":{"line":33,"column":21},"end":{"line":33,"column":null}},"17":{"start":{"line":34,"column":8},"end":{"line":38,"column":null}},"18":{"start":{"line":35,"column":10},"end":{"line":35,"column":null}},"19":{"start":{"line":36,"column":10},"end":{"line":37,"column":null}},"20":{"start":{"line":36,"column":19},"end":{"line":36,"column":null}},"21":{"start":{"line":37,"column":15},"end":{"line":37,"column":null}},"22":{"start":{"line":40,"column":8},"end":{"line":40,"column":null}},"23":{"start":{"line":46,"column":4},"end":{"line":46,"column":null}},"24":{"start":{"line":47,"column":10},"end":{"line":47,"column":null}},"25":{"start":{"line":48,"column":4},"end":{"line":48,"column":null}},"26":{"start":{"line":55,"column":4},"end":{"line":55,"column":null}},"27":{"start":{"line":56,"column":4},"end":{"line":72,"column":null}},"28":{"start":{"line":57,"column":6},"end":{"line":63,"column":null}},"29":{"start":{"line":58,"column":8},"end":{"line":62,"column":null}},"30":{"start":{"line":59,"column":10},"end":{"line":59,"column":null}},"31":{"start":{"line":61,"column":10},"end":{"line":61,"column":null}},"32":{"start":{"line":64,"column":6},"end":{"line":64,"column":null}},"33":{"start":{"line":66,"column":6},"end":{"line":66,"column":null}},"34":{"start":{"line":67,"column":6},"end":{"line":67,"column":null}},"35":{"start":{"line":68,"column":6},"end":{"line":70,"column":null}},"36":{"start":{"line":69,"column":8},"end":{"line":69,"column":null}},"37":{"start":{"line":71,"column":6},"end":{"line":71,"column":null}},"38":{"start":{"line":76,"column":10},"end":{"line":76,"column":null}},"39":{"start":{"line":77,"column":4},"end":{"line":77,"column":null}}},"fnMap":{"0":{"name":"(anonymous_0)","decl":{"start":{"line":5,"column":0},"end":{"line":5,"column":5}},"loc":{"start":{"line":5,"column":0},"end":{"line":5,"column":null}},"line":5},"1":{"name":"(anonymous_1)","decl":{"start":{"line":12,"column":2},"end":{"line":12,"column":14}},"loc":{"start":{"line":12,"column":28},"end":{"line":14,"column":null}},"line":12},"2":{"name":"(anonymous_2)","decl":{"start":{"line":16,"column":8},"end":{"line":16,"column":12}},"loc":{"start":{"line":16,"column":27},"end":{"line":28,"column":null}},"line":16},"3":{"name":"(anonymous_3)","decl":{"start":{"line":18,"column":29},"end":{"line":18,"column":30}},"loc":{"start":{"line":18,"column":50},"end":{"line":27,"column":5}},"line":18},"4":{"name":"(anonymous_4)","decl":{"start":{"line":20,"column":27},"end":{"line":20,"column":28}},"loc":{"start":{"line":20,"column":36},"end":{"line":23,"column":9}},"line":20},"5":{"name":"(anonymous_5)","decl":{"start":{"line":30,"column":8},"end":{"line":30,"column":20}},"loc":{"start":{"line":30,"column":68},"end":{"line":43,"column":null}},"line":30},"6":{"name":"(anonymous_6)","decl":{"start":{"line":31,"column":23},"end":{"line":31,"column":24}},"loc":{"start":{"line":31,"column":44},"end":{"line":42,"column":5}},"line":31},"7":{"name":"(anonymous_7)","decl":{"start":{"line":34,"column":17},"end":{"line":34,"column":18}},"loc":{"start":{"line":34,"column":26},"end":{"line":38,"column":9}},"line":34},"8":{"name":"(anonymous_8)","decl":{"start":{"line":45,"column":8},"end":{"line":45,"column":18}},"loc":{"start":{"line":45,"column":66},"end":{"line":49,"column":null}},"line":45},"9":{"name":"(anonymous_9)","decl":{"start":{"line":51,"column":8},"end":{"line":51,"column":null}},"loc":{"start":{"line":54,"column":4},"end":{"line":73,"column":null}},"line":54},"10":{"name":"(anonymous_10)","decl":{"start":{"line":68,"column":39},"end":{"line":68,"column":40}},"loc":{"start":{"line":69,"column":8},"end":{"line":69,"column":null}},"line":69},"11":{"name":"(anonymous_11)","decl":{"start":{"line":75,"column":8},"end":{"line":75,"column":20}},"loc":{"start":{"line":75,"column":73},"end":{"line":78,"column":null}},"line":75}},"branchMap":{"0":{"loc":{"start":{"line":5,"column":5},"end":{"line":5,"column":null}},"type":"binary-expr","locations":[{"start":{"line":5,"column":5},"end":{"line":5,"column":null}},{"start":{"line":5,"column":5},"end":{"line":5,"column":null}}],"line":5},"1":{"loc":{"start":{"line":21,"column":10},"end":{"line":22,"column":null}},"type":"if","locations":[{"start":{"line":21,"column":10},"end":{"line":22,"column":null}},{"start":{"line":22,"column":15},"end":{"line":22,"column":null}}],"line":21},"2":{"loc":{"start":{"line":36,"column":10},"end":{"line":37,"column":null}},"type":"if","locations":[{"start":{"line":36,"column":10},"end":{"line":37,"column":null}},{"start":{"line":37,"column":15},"end":{"line":37,"column":null}}],"line":36},"3":{"loc":{"start":{"line":53,"column":4},"end":{"line":53,"column":null}},"type":"default-arg","locations":[{"start":{"line":53,"column":22},"end":{"line":53,"column":null}}],"line":53},"4":{"loc":{"start":{"line":58,"column":8},"end":{"line":62,"column":null}},"type":"if","locations":[{"start":{"line":58,"column":8},"end":{"line":62,"column":null}},{"start":{"line":60,"column":15},"end":{"line":62,"column":null}}],"line":58}},"s":{"0":2,"1":2,"2":2,"3":2,"4":2,"5":25,"6":124,"7":124,"8":124,"9":124,"10":122,"11":2,"12":120,"13":2,"14":27,"15":27,"16":27,"17":27,"18":26,"19":26,"20":1,"21":25,"22":1,"23":1,"24":1,"25":1,"26":28,"27":28,"28":28,"29":74,"30":66,"31":8,"32":26,"33":2,"34":2,"35":2,"36":1,"37":2,"38":16,"39":16},"f":{"0":2,"1":25,"2":124,"3":124,"4":122,"5":27,"6":27,"7":26,"8":1,"9":28,"10":1,"11":16},"b":{"0":[2,2],"1":[2,120],"2":[1,25],"3":[28],"4":[66,8]},"meta":{"lastBranch":5,"lastFunction":12,"lastStatement":40,"seen":{"s:5:0:5:Infinity":0,"f:5:0:5:5":0,"s:6:2:6:Infinity":1,"s:7:2:7:Infinity":2,"s:8:2:8:Infinity":3,"s:5:5:5:Infinity":4,"b:5:5:5:Infinity:5:5:5:Infinity":0,"f:12:2:12:14":1,"s:13:4:13:Infinity":5,"f:16:8:16:12":2,"s:17:4:17:Infinity":6,"s:18:4:27:Infinity":7,"f:18:29:18:30":3,"s:19:6:26:Infinity":8,"s:20:8:23:Infinity":9,"f:20:27:20:28":4,"b:21:10:22:Infinity:22:15:22:Infinity":1,"s:21:10:22:Infinity":10,"s:21:19:21:Infinity":11,"s:22:15:22:Infinity":12,"s:25:8:25:Infinity":13,"f:30:8:30:20":5,"s:31:4:42:Infinity":14,"f:31:23:31:24":6,"s:32:6:41:Infinity":15,"s:33:21:33:Infinity":16,"s:34:8:38:Infinity":17,"f:34:17:34:18":7,"s:35:10:35:Infinity":18,"b:36:10:37:Infinity:37:15:37:Infinity":2,"s:36:10:37:Infinity":19,"s:36:19:36:Infinity":20,"s:37:15:37:Infinity":21,"s:40:8:40:Infinity":22,"f:45:8:45:18":8,"s:46:4:46:Infinity":23,"s:47:10:47:Infinity":24,"s:48:4:48:Infinity":25,"f:51:8:51:Infinity":9,"b:53:22:53:Infinity":3,"s:55:4:55:Infinity":26,"s:56:4:72:Infinity":27,"s:57:6:63:Infinity":28,"b:58:8:62:Infinity:60:15:62:Infinity":4,"s:58:8:62:Infinity":29,"s:59:10:59:Infinity":30,"s:61:10:61:Infinity":31,"s:64:6:64:Infinity":32,"s:66:6:66:Infinity":33,"s:67:6:67:Infinity":34,"s:68:6:70:Infinity":35,"f:68:39:68:40":10,"s:69:8:69:Infinity":36,"s:71:6:71:Infinity":37,"f:75:8:75:20":11,"s:76:10:76:Infinity":38,"s:77:4:77:Infinity":39}}}
,"/home/thagoat/Desktop/react-native/agriad/lib/expo-sqlite-migrate/src/utils/promisify.ts": {"path":"/home/thagoat/Desktop/react-native/agriad/lib/expo-sqlite-migrate/src/utils/promisify.ts","statementMap":{"0":{"start":{"line":7,"column":2},"end":{"line":18,"column":null}},"1":{"start":{"line":8,"column":4},"end":{"line":17,"column":null}},"2":{"start":{"line":9,"column":6},"end":{"line":16,"column":null}},"3":{"start":{"line":10,"column":8},"end":{"line":13,"column":null}},"4":{"start":{"line":11,"column":10},"end":{"line":12,"column":null}},"5":{"start":{"line":11,"column":19},"end":{"line":11,"column":null}},"6":{"start":{"line":12,"column":15},"end":{"line":12,"column":null}},"7":{"start":{"line":15,"column":8},"end":{"line":15,"column":null}}},"fnMap":{"0":{"name":"promisify","decl":{"start":{"line":3,"column":16},"end":{"line":3,"column":null}},"loc":{"start":{"line":6,"column":34},"end":{"line":19,"column":null}},"line":6},"1":{"name":"(anonymous_1)","decl":{"start":{"line":7,"column":9},"end":{"line":7,"column":13}},"loc":{"start":{"line":7,"column":29},"end":{"line":18,"column":null}},"line":7},"2":{"name":"(anonymous_2)","decl":{"start":{"line":8,"column":23},"end":{"line":8,"column":24}},"loc":{"start":{"line":8,"column":44},"end":{"line":17,"column":5}},"line":8},"3":{"name":"(anonymous_3)","decl":{"start":{"line":10,"column":34},"end":{"line":10,"column":35}},"loc":{"start":{"line":10,"column":59},"end":{"line":13,"column":9}},"line":10}},"branchMap":{"0":{"loc":{"start":{"line":11,"column":10},"end":{"line":12,"column":null}},"type":"if","locations":[{"start":{"line":11,"column":10},"end":{"line":12,"column":null}},{"start":{"line":12,"column":15},"end":{"line":12,"column":null}}],"line":11}},"s":{"0":77,"1":59,"2":59,"3":59,"4":58,"5":1,"6":57,"7":1},"f":{"0":77,"1":59,"2":59,"3":58},"b":{"0":[1,57]},"meta":{"lastBranch":1,"lastFunction":4,"lastStatement":8,"seen":{"f:3:16:3:Infinity":0,"s:7:2:18:Infinity":0,"f:7:9:7:13":1,"s:8:4:17:Infinity":1,"f:8:23:8:24":2,"s:9:6:16:Infinity":2,"s:10:8:13:Infinity":3,"f:10:34:10:35":3,"b:11:10:12:Infinity:12:15:12:Infinity":0,"s:11:10:12:Infinity":4,"s:11:19:11:Infinity":5,"s:12:15:12:Infinity":6,"s:15:8:15:Infinity":7}}}
}
